info it worked if it ends with ok
verbose cli [ 'node', '/usr/local/bin/npm', 'install', 'server.js' ]
info using npm@1.1.0-2
info using node@v0.6.8
verbose config file /Users/glennblock/.npmrc
verbose config file /usr/local/etc/npmrc
verbose config file /usr/local/lib/node_modules/npm/npmrc
verbose caching /Users/glennblock/src/azure-sdk-for-node/examples/geophoto/package.json
verbose loadDefaults geophoto@0.0.1
verbose caching /Users/glennblock/src/azure-sdk-for-node/examples/geophoto/node_modules/ejs/package.json
verbose loadDefaults ejs@0.6.1
verbose caching /Users/glennblock/src/azure-sdk-for-node/examples/geophoto/node_modules/express/package.json
verbose loadDefaults express@2.5.1
WARN node-uuid@1.3.3 dependencies field should be hash of <name>:<version-range> pairs
verbose caching /Users/glennblock/src/azure-sdk-for-node/examples/geophoto/node_modules/node-uuid/package.json
verbose loadDefaults node-uuid@1.3.3
verbose caching /Users/glennblock/src/azure-sdk-for-node/examples/geophoto/node_modules/socket.io/package.json
verbose loadDefaults socket.io@0.8.7
verbose caching /Users/glennblock/src/azure-sdk-for-node/examples/geophoto/node_modules/xmlbuilder/package.json
verbose loadDefaults xmlbuilder@0.3.1
verbose from cache /Users/glennblock/src/azure-sdk-for-node/examples/geophoto/package.json
verbose cache add [ 'server.js', null ]
silly cache add: name, spec, args [ undefined, 'server.js', [ 'server.js', null ] ]
verbose parsed url { pathname: 'server.js', path: 'server.js', href: 'server.js' }
verbose mkdir (expected) error ENOENT, no such file or directory '/var/folders/_v/h2xnkr8j0wvf3jc4q80b8f480000gn/T/npm-1327403703532'
verbose mkdir (expected) error ENOENT, no such file or directory '/var/folders/_v/h2xnkr8j0wvf3jc4q80b8f480000gn/T/npm-1327403703532/1327403703532-0.3502849543001503'
verbose mkdir done: /var/folders/_v/h2xnkr8j0wvf3jc4q80b8f480000gn/T/npm-1327403703532/1327403703532-0.3502849543001503 755
verbose chmod /var/folders/_v/h2xnkr8j0wvf3jc4q80b8f480000gn/T/npm-1327403703532/1327403703532-0.3502849543001503/tmp.tgz 644
verbose mkdir (expected) error ENOENT, no such file or directory '/var/folders/_v/h2xnkr8j0wvf3jc4q80b8f480000gn/T/npm-1327403703532/1327403703532-0.3502849543001503/___package.npm'
verbose mkdir done: /var/folders/_v/h2xnkr8j0wvf3jc4q80b8f480000gn/T/npm-1327403703532/1327403703532-0.3502849543001503/___package.npm 755
verbose unpack_ uid, gid [ undefined, undefined ]
verbose unpackTarget /var/folders/_v/h2xnkr8j0wvf3jc4q80b8f480000gn/T/npm-1327403703532/1327403703532-0.3502849543001503/package
silly gunzTarPerm modes [ '755', '644' ]
silly afterUntar undefined
verbose gunzed /var/folders/_v/h2xnkr8j0wvf3jc4q80b8f480000gn/T/npm-1327403703532/1327403703532-0.3502849543001503/___package.npm
verbose rm'ed /var/folders/_v/h2xnkr8j0wvf3jc4q80b8f480000gn/T/npm-1327403703532/1327403703532-0.3502849543001503/package
verbose renamed [ '/var/folders/_v/h2xnkr8j0wvf3jc4q80b8f480000gn/T/npm-1327403703532/1327403703532-0.3502849543001503/___package.npm',
verbose renamed   '/var/folders/_v/h2xnkr8j0wvf3jc4q80b8f480000gn/T/npm-1327403703532/1327403703532-0.3502849543001503/package' ]
ERR! couldn't unpack /var/folders/_v/h2xnkr8j0wvf3jc4q80b8f480000gn/T/npm-1327403703532/1327403703532-0.3502849543001503/tmp.tgz to /var/folders/_v/h2xnkr8j0wvf3jc4q80b8f480000gn/T/npm-1327403703532/1327403703532-0.3502849543001503
verbose addNamed [ 'server.js', '' ]
verbose addNamed [ null, '' ]
silly name, range, hasData [ 'server.js', '', false ]
verbose raw, before any munging server.js
verbose url resolving [ 'https://registry.npmjs.org/', './server.js' ]
verbose url resolved https://registry.npmjs.org/server.js
http GET https://registry.npmjs.org/server.js
http 404 https://registry.npmjs.org/server.js
silly get cb [ 404,
silly get cb   { server: 'CouchDB/1.1.0 (Erlang OTP/R14B04)',
silly get cb     date: 'Tue, 24 Jan 2012 11:15:04 GMT',
silly get cb     'content-type': 'application/json',
silly get cb     'content-length': '52',
silly get cb     'cache-control': 'must-revalidate' } ]
ERR! 404 'server.js' is not in the npm registry.
ERR! 404 You should bug the author to publish it
ERR! 404 Maybe try 'npm search server'
ERR! 404 Note that you can also install from a
ERR! 404 tarball, folder, or http url, or git url.
ERR! 
ERR! System Darwin 11.2.0
ERR! command "node" "/usr/local/bin/npm" "install" "server.js"
ERR! cwd /Users/glennblock/src/azure-sdk-for-node/examples/geophoto
ERR! node -v v0.6.8
ERR! npm -v 1.1.0-2
ERR! code E404
ERR! message 404 Not Found: server.js
ERR! errno {}
verbose exit [ 1, true ]
